{
"contracts\\core\\Base.sol":{"l":{},"path":"C:\\Github\\desperados-contracts\\02_Contracts\\contracts\\core\\Base.sol","s":{},"b":{},"f":{},"fnMap":{},"statementMap":{},"branchMap":{}},
"contracts\\core\\Configuration.sol":{"l":{},"path":"C:\\Github\\desperados-contracts\\02_Contracts\\contracts\\core\\Configuration.sol","s":{},"b":{},"f":{},"fnMap":{},"statementMap":{},"branchMap":{}},
"contracts\\core\\Monetizable.sol":{"l":{"12":0,"16":0,"17":0,"21":0,"26":0},"path":"C:\\Github\\desperados-contracts\\02_Contracts\\contracts\\core\\Monetizable.sol","s":{"1":0,"2":0,"3":0,"4":0},"b":{"1":[0,0],"2":[0,0]},"f":{"1":0,"2":0,"3":0},"fnMap":{"1":{"name":"setBaseFee","line":11,"loc":{"start":{"line":11,"column":4},"end":{"line":13,"column":4}}},"2":{"name":"providesFee","line":15,"loc":{"start":{"line":15,"column":4},"end":{"line":18,"column":4}}},"3":{"name":"withdraw","line":20,"loc":{"start":{"line":20,"column":4},"end":{"line":27,"column":4}}}},"statementMap":{"1":{"start":{"line":12,"column":8},"end":{"line":12,"column":25}},"2":{"start":{"line":16,"column":8},"end":{"line":16,"column":76}},"3":{"start":{"line":21,"column":8},"end":{"line":21,"column":696}},"4":{"start":{"line":26,"column":8},"end":{"line":26,"column":55}}},"branchMap":{"1":{"line":16,"type":"if","locations":[{"start":{"line":16,"column":8},"end":{"line":16,"column":8}},{"start":{"line":16,"column":8},"end":{"line":16,"column":8}}]},"2":{"line":21,"type":"if","locations":[{"start":{"line":21,"column":8},"end":{"line":21,"column":8}},{"start":{"line":21,"column":8},"end":{"line":21,"column":8}}]}}},
"contracts\\currency\\DesperadosTokens.sol":{"l":{"23":12,"24":12,"34":0,"38":4,"43":3,"45":3,"49":0,"50":0,"54":1,"55":1,"57":1,"59":1},"path":"C:\\Github\\desperados-contracts\\02_Contracts\\contracts\\currency\\DesperadosTokens.sol","s":{"1":12,"2":12,"3":0,"4":4,"5":3,"6":3,"7":0,"8":0,"9":1,"10":1,"11":1,"12":1},"b":{"1":[3,1],"2":[0,0],"3":[1,0],"4":[1,0]},"f":{"1":12,"2":0,"3":4,"4":0,"5":1},"fnMap":{"1":{"name":"constructor","line":22,"loc":{"start":{"line":22,"column":4},"end":{"line":25,"column":4}}},"2":{"name":"supportsInterface","line":27,"loc":{"start":{"line":27,"column":4},"end":{"line":35,"column":4}}},"3":{"name":"getFreeDesos","line":37,"loc":{"start":{"line":37,"column":4},"end":{"line":46,"column":4}}},"4":{"name":"mintMine","line":48,"loc":{"start":{"line":48,"column":4},"end":{"line":51,"column":4}}},"5":{"name":"mintHotel","line":53,"loc":{"start":{"line":53,"column":4},"end":{"line":60,"column":4}}}},"statementMap":{"1":{"start":{"line":23,"column":8},"end":{"line":23,"column":31}},"2":{"start":{"line":24,"column":8},"end":{"line":24,"column":62}},"3":{"start":{"line":34,"column":8},"end":{"line":34,"column":51}},"4":{"start":{"line":38,"column":8},"end":{"line":38,"column":1221}},"5":{"start":{"line":43,"column":8},"end":{"line":43,"column":70}},"6":{"start":{"line":45,"column":8},"end":{"line":45,"column":45}},"7":{"start":{"line":49,"column":8},"end":{"line":49,"column":62}},"8":{"start":{"line":50,"column":8},"end":{"line":50,"column":39}},"9":{"start":{"line":54,"column":8},"end":{"line":54,"column":73}},"10":{"start":{"line":55,"column":8},"end":{"line":55,"column":63}},"11":{"start":{"line":57,"column":8},"end":{"line":57,"column":70}},"12":{"start":{"line":59,"column":8},"end":{"line":59,"column":40}}},"branchMap":{"1":{"line":38,"type":"if","locations":[{"start":{"line":38,"column":8},"end":{"line":38,"column":8}},{"start":{"line":38,"column":8},"end":{"line":38,"column":8}}]},"2":{"line":49,"type":"if","locations":[{"start":{"line":49,"column":8},"end":{"line":49,"column":8}},{"start":{"line":49,"column":8},"end":{"line":49,"column":8}}]},"3":{"line":54,"type":"if","locations":[{"start":{"line":54,"column":8},"end":{"line":54,"column":8}},{"start":{"line":54,"column":8},"end":{"line":54,"column":8}}]},"4":{"line":55,"type":"if","locations":[{"start":{"line":55,"column":8},"end":{"line":55,"column":8}},{"start":{"line":55,"column":8},"end":{"line":55,"column":8}}]}}},
"contracts\\DesperadosCore.sol":{"l":{},"path":"C:\\Github\\desperados-contracts\\02_Contracts\\contracts\\DesperadosCore.sol","s":{},"b":{},"f":{},"fnMap":{},"statementMap":{},"branchMap":{}},
"contracts\\DesperadosPaymaster.sol":{"l":{},"path":"C:\\Github\\desperados-contracts\\02_Contracts\\contracts\\DesperadosPaymaster.sol","s":{},"b":{},"f":{},"fnMap":{},"statementMap":{},"branchMap":{}},
"contracts\\lib\\PseudoRandom.sol":{"l":{"8":0,"21":0},"path":"C:\\Github\\desperados-contracts\\02_Contracts\\contracts\\lib\\PseudoRandom.sol","s":{"1":0,"2":0},"b":{},"f":{"1":0,"2":0},"fnMap":{"1":{"name":"randMod","line":7,"loc":{"start":{"line":7,"column":4},"end":{"line":18,"column":4}}},"2":{"name":"rand","line":20,"loc":{"start":{"line":20,"column":4},"end":{"line":31,"column":4}}}},"statementMap":{"1":{"start":{"line":8,"column":8},"end":{"line":8,"column":252}},"2":{"start":{"line":21,"column":8},"end":{"line":21,"column":598}}},"branchMap":{}},
"contracts\\world\\DesperadosWorld.sol":{"l":{},"path":"C:\\Github\\desperados-contracts\\02_Contracts\\contracts\\world\\DesperadosWorld.sol","s":{},"b":{},"f":{},"fnMap":{},"statementMap":{},"branchMap":{}},
"contracts\\world\\WorldActionPlaceBuilding.sol":{"l":{},"path":"C:\\Github\\desperados-contracts\\02_Contracts\\contracts\\world\\WorldActionPlaceBuilding.sol","s":{},"b":{},"f":{},"fnMap":{},"statementMap":{},"branchMap":{}}}
