TN:
SF:C:\Github\desperados-contracts\02_Contracts\contracts\core\Base.sol
FNF:0
FNH:0
LF:0
LH:0
BRF:0
BRH:0
end_of_record
TN:
SF:C:\Github\desperados-contracts\02_Contracts\contracts\core\Configuration.sol
FNF:0
FNH:0
LF:0
LH:0
BRF:0
BRH:0
end_of_record
TN:
SF:C:\Github\desperados-contracts\02_Contracts\contracts\core\Monetizable.sol
FN:11,setBaseFee
FN:15,providesFee
FN:20,withdraw
FNF:3
FNH:0
FNDA:0,setBaseFee
FNDA:0,providesFee
FNDA:0,withdraw
DA:12,0
DA:16,0
DA:17,0
DA:21,0
DA:26,0
LF:5
LH:0
BRDA:16,1,0,0
BRDA:16,1,1,0
BRDA:21,2,0,0
BRDA:21,2,1,0
BRF:4
BRH:0
end_of_record
TN:
SF:C:\Github\desperados-contracts\02_Contracts\contracts\currency\DesperadosTokens.sol
FN:22,constructor
FN:27,supportsInterface
FN:37,getFreeDesos
FN:48,mintMine
FN:53,mintHotel
FNF:5
FNH:3
FNDA:12,constructor
FNDA:0,supportsInterface
FNDA:4,getFreeDesos
FNDA:0,mintMine
FNDA:1,mintHotel
DA:23,12
DA:24,12
DA:34,0
DA:38,4
DA:43,3
DA:45,3
DA:49,0
DA:50,0
DA:54,1
DA:55,1
DA:57,1
DA:59,1
LF:12
LH:9
BRDA:38,1,0,3
BRDA:38,1,1,1
BRDA:49,2,0,0
BRDA:49,2,1,0
BRDA:54,3,0,1
BRDA:54,3,1,0
BRDA:55,4,0,1
BRDA:55,4,1,0
BRF:8
BRH:4
end_of_record
TN:
SF:C:\Github\desperados-contracts\02_Contracts\contracts\DesperadosCore.sol
FNF:0
FNH:0
LF:0
LH:0
BRF:0
BRH:0
end_of_record
TN:
SF:C:\Github\desperados-contracts\02_Contracts\contracts\DesperadosPaymaster.sol
FNF:0
FNH:0
LF:0
LH:0
BRF:0
BRH:0
end_of_record
TN:
SF:C:\Github\desperados-contracts\02_Contracts\contracts\lib\PseudoRandom.sol
FN:7,randMod
FN:20,rand
FNF:2
FNH:0
FNDA:0,randMod
FNDA:0,rand
DA:8,0
DA:21,0
LF:2
LH:0
BRF:0
BRH:0
end_of_record
TN:
SF:C:\Github\desperados-contracts\02_Contracts\contracts\world\DesperadosWorld.sol
FNF:0
FNH:0
LF:0
LH:0
BRF:0
BRH:0
end_of_record
TN:
SF:C:\Github\desperados-contracts\02_Contracts\contracts\world\WorldActionPlaceBuilding.sol
FNF:0
FNH:0
LF:0
LH:0
BRF:0
BRH:0
end_of_record
